EpokerProject/EpokerProject/app/build/intermediates/manifest_merge_blame_file/debug/manifest-merger-blame-debug-report.txt
1<?xml version="1.0" encoding="utf-8"?>
2<manifest xmlns:android="http://schemas.android.com/apk/res/android"
3    package="com.example.epokerproject"
4    android:versionCode="1"
5    android:versionName="1.0" >
6
7    <uses-sdk
8        android:minSdkVersion="23"
8-->src\main\AndroidManifest.xml
9        android:targetSdkVersion="33" />
9-->src\main\AndroidManifest.xml
10
11    <uses-permission android:name="android.permission.INTERNET" />
11-->src\main\AndroidManifest.xml:5:5-67
11-->src\main\AndroidManifest.xml:5:22-64
12    <uses-permission android:name="android.permission.POST_NOTIFICATIONS" />
12-->src\main\AndroidManifest.xml:6:5-77
12-->src\main\AndroidManifest.xml:6:22-74
13    <uses-permission android:name="android.permission.ACCESS_NETWORK_STATE" />
13-->[com.google.firebase:firebase-auth:21.0.8] AndroidManifest.xml:24:5-79
13-->[com.google.firebase:firebase-auth:21.0.8] AndroidManifest.xml:24:22-76
14    <uses-permission android:name="android.permission.WAKE_LOCK" /> <!-- Required by older versions of Google Play services to create IID tokens -->
14-->[com.google.firebase:firebase-messaging:23.0.8] AndroidManifest.xml:27:5-68
14-->[com.google.firebase:firebase-messaging:23.0.8] AndroidManifest.xml:27:22-65
15    <uses-permission android:name="com.google.android.c2dm.permission.RECEIVE" />
15-->[com.google.firebase:firebase-messaging:23.0.8] AndroidManifest.xml:29:5-82
15-->[com.google.firebase:firebase-messaging:23.0.8] AndroidManifest.xml:29:22-79
16
17    <application
17-->src\main\AndroidManifest.xml:8:5-72:19
18        android:allowBackup="true"
18-->src\main\AndroidManifest.xml:9:9-35
19        android:appComponentFactory="androidx.core.app.CoreComponentFactory"
19-->[androidx.core:core:1.8.0] AndroidManifest.xml:24:18-86
20        android:dataExtractionRules="@xml/data_extraction_rules"
20-->src\main\AndroidManifest.xml:10:9-65
21        android:debuggable="true"
22        android:extractNativeLibs="false"
23        android:fullBackupContent="@xml/backup_rules"
23-->src\main\AndroidManifest.xml:11:9-54
24        android:icon="@mipmap/ic_launcher"
24-->src\main\AndroidManifest.xml:12:9-43
25        android:label="@string/app_name"
25-->src\main\AndroidManifest.xml:13:9-41
26        android:roundIcon="@mipmap/ic_launcher_round"
26-->src\main\AndroidManifest.xml:14:9-54
27        android:supportsRtl="true"
27-->src\main\AndroidManifest.xml:15:9-35
28        android:testOnly="true"
29        android:theme="@style/Theme.EpokerProject" >
29-->src\main\AndroidManifest.xml:16:9-51
30        <activity
30-->src\main\AndroidManifest.xml:17:9-23:20
31            android:name="com.example.epokerproject.activity.AdvocateListActivity"
31-->src\main\AndroidManifest.xml:18:13-58
32            android:exported="false" >
32-->src\main\AndroidManifest.xml:19:13-37
33            <meta-data
33-->src\main\AndroidManifest.xml:20:13-22:36
34                android:name="android.app.lib_name"
34-->src\main\AndroidManifest.xml:21:17-52
35                android:value="" />
35-->src\main\AndroidManifest.xml:22:17-33
36        </activity>
37        <activity
37-->src\main\AndroidManifest.xml:24:9-30:20
38            android:name="com.example.epokerproject.activity.CaseListActivity"
38-->src\main\AndroidManifest.xml:25:13-54
39            android:exported="false" >
39-->src\main\AndroidManifest.xml:26:13-37
40            <meta-data
40-->src\main\AndroidManifest.xml:20:13-22:36
41                android:name="android.app.lib_name"
41-->src\main\AndroidManifest.xml:21:17-52
42                android:value="" />
42-->src\main\AndroidManifest.xml:22:17-33
43        </activity>
44        <activity
44-->src\main\AndroidManifest.xml:31:9-37:20
45            android:name="com.example.epokerproject.activity.DashboardActivity"
45-->src\main\AndroidManifest.xml:32:13-55
46            android:exported="false" >
46-->src\main\AndroidManifest.xml:33:13-37
47            <meta-data
47-->src\main\AndroidManifest.xml:20:13-22:36
48                android:name="android.app.lib_name"
48-->src\main\AndroidManifest.xml:21:17-52
49                android:value="" />
49-->src\main\AndroidManifest.xml:22:17-33
50        </activity>
51        <activity
51-->src\main\AndroidManifest.xml:38:9-44:20
52            android:name="com.example.epokerproject.activity.RegisterActivity"
52-->src\main\AndroidManifest.xml:39:13-54
53            android:exported="false" >
53-->src\main\AndroidManifest.xml:40:13-37
54            <meta-data
54-->src\main\AndroidManifest.xml:20:13-22:36
55                android:name="android.app.lib_name"
55-->src\main\AndroidManifest.xml:21:17-52
56                android:value="" />
56-->src\main\AndroidManifest.xml:22:17-33
57        </activity>
58        <activity
58-->src\main\AndroidManifest.xml:45:9-51:20
59            android:name="com.example.epokerproject.activity.LoginActivity"
59-->src\main\AndroidManifest.xml:46:13-51
60            android:exported="false" >
60-->src\main\AndroidManifest.xml:47:13-37
61            <meta-data
61-->src\main\AndroidManifest.xml:20:13-22:36
62                android:name="android.app.lib_name"
62-->src\main\AndroidManifest.xml:21:17-52
63                android:value="" />
63-->src\main\AndroidManifest.xml:22:17-33
64        </activity>
65        <activity
65-->src\main\AndroidManifest.xml:52:9-64:20
66            android:name="com.example.epokerproject.activity.SplashActivity"
66-->src\main\AndroidManifest.xml:53:13-52
67            android:exported="true" >
67-->src\main\AndroidManifest.xml:54:13-36
68            <meta-data
68-->src\main\AndroidManifest.xml:20:13-22:36
69                android:name="android.app.lib_name"
69-->src\main\AndroidManifest.xml:21:17-52
70                android:value="" />
70-->src\main\AndroidManifest.xml:22:17-33
71
72            <intent-filter>
72-->src\main\AndroidManifest.xml:59:13-63:29
73                <action android:name="android.intent.action.MAIN" />
73-->src\main\AndroidManifest.xml:60:17-69
73-->src\main\AndroidManifest.xml:60:25-66
74
75                <category android:name="android.intent.category.LAUNCHER" />
75-->src\main\AndroidManifest.xml:62:17-77
75-->src\main\AndroidManifest.xml:62:27-74
76            </intent-filter>
77        </activity>
78        <activity
78-->src\main\AndroidManifest.xml:65:9-71:20
79            android:name="com.example.epokerproject.activity.MainActivity"
79-->src\main\AndroidManifest.xml:66:13-50
80            android:exported="true" >
80-->src\main\AndroidManifest.xml:67:13-36
81            <meta-data
81-->src\main\AndroidManifest.xml:20:13-22:36
82                android:name="android.app.lib_name"
82-->src\main\AndroidManifest.xml:21:17-52
83                android:value="" />
83-->src\main\AndroidManifest.xml:22:17-33
84        </activity>
85        <activity
85-->[com.google.firebase:firebase-auth:21.0.8] AndroidManifest.xml:27:9-44:20
86            android:name="com.google.firebase.auth.internal.GenericIdpActivity"
86-->[com.google.firebase:firebase-auth:21.0.8] AndroidManifest.xml:28:13-80
87            android:excludeFromRecents="true"
87-->[com.google.firebase:firebase-auth:21.0.8] AndroidManifest.xml:29:13-46
88            android:exported="true"
88-->[com.google.firebase:firebase-auth:21.0.8] AndroidManifest.xml:30:13-36
89            android:launchMode="singleTask"
89-->[com.google.firebase:firebase-auth:21.0.8] AndroidManifest.xml:31:13-44
90            android:theme="@android:style/Theme.Translucent.NoTitleBar" >
90-->[com.google.firebase:firebase-auth:21.0.8] AndroidManifest.xml:32:13-72
91            <intent-filter>
91-->[com.google.firebase:firebase-auth:21.0.8] AndroidManifest.xml:33:13-43:29
92                <action android:name="android.intent.action.VIEW" />
92-->[com.google.firebase:firebase-auth:21.0.8] AndroidManifest.xml:34:17-69
92-->[com.google.firebase:firebase-auth:21.0.8] AndroidManifest.xml:34:25-66
93
94                <category android:name="android.intent.category.DEFAULT" />
94-->[com.google.firebase:firebase-auth:21.0.8] AndroidManifest.xml:36:17-76
94-->[com.google.firebase:firebase-auth:21.0.8] AndroidManifest.xml:36:27-73
95                <category android:name="android.intent.category.BROWSABLE" />
95-->[com.google.firebase:firebase-auth:21.0.8] AndroidManifest.xml:37:17-78
95-->[com.google.firebase:firebase-auth:21.0.8] AndroidManifest.xml:37:27-75
96
97                <data
97-->[com.google.firebase:firebase-auth:21.0.8] AndroidManifest.xml:39:17-42:51
98                    android:host="firebase.auth"
98-->[com.google.firebase:firebase-auth:21.0.8] AndroidManifest.xml:40:21-49
99                    android:path="/"
99-->[com.google.firebase:firebase-auth:21.0.8] AndroidManifest.xml:41:21-37
100                    android:scheme="genericidp" />
100-->[com.google.firebase:firebase-auth:21.0.8] AndroidManifest.xml:42:21-48
101            </intent-filter>
102        </activity>
103        <activity
103-->[com.google.firebase:firebase-auth:21.0.8] AndroidManifest.xml:45:9-62:20
104            android:name="com.google.firebase.auth.internal.RecaptchaActivity"
104-->[com.google.firebase:firebase-auth:21.0.8] AndroidManifest.xml:46:13-79
105            android:excludeFromRecents="true"
105-->[com.google.firebase:firebase-auth:21.0.8] AndroidManifest.xml:47:13-46
106            android:exported="true"
106-->[com.google.firebase:firebase-auth:21.0.8] AndroidManifest.xml:48:13-36
107            android:launchMode="singleTask"
107-->[com.google.firebase:firebase-auth:21.0.8] AndroidManifest.xml:49:13-44
108            android:theme="@android:style/Theme.Translucent.NoTitleBar" >
108-->[com.google.firebase:firebase-auth:21.0.8] AndroidManifest.xml:50:13-72
109            <intent-filter>
109-->[com.google.firebase:firebase-auth:21.0.8] AndroidManifest.xml:51:13-61:29
110                <action android:name="android.intent.action.VIEW" />
110-->[com.google.firebase:firebase-auth:21.0.8] AndroidManifest.xml:34:17-69
110-->[com.google.firebase:firebase-auth:21.0.8] AndroidManifest.xml:34:25-66
111
112                <category android:name="android.intent.category.DEFAULT" />
112-->[com.google.firebase:firebase-auth:21.0.8] AndroidManifest.xml:36:17-76
112-->[com.google.firebase:firebase-auth:21.0.8] AndroidManifest.xml:36:27-73
113                <category android:name="android.intent.category.BROWSABLE" />
113-->[com.google.firebase:firebase-auth:21.0.8] AndroidManifest.xml:37:17-78
113-->[com.google.firebase:firebase-auth:21.0.8] AndroidManifest.xml:37:27-75
114
115                <data
115-->[com.google.firebase:firebase-auth:21.0.8] AndroidManifest.xml:39:17-42:51
116                    android:host="firebase.auth"
116-->[com.google.firebase:firebase-auth:21.0.8] AndroidManifest.xml:40:21-49
117                    android:path="/"
117-->[com.google.firebase:firebase-auth:21.0.8] AndroidManifest.xml:41:21-37
118                    android:scheme="recaptcha" />
118-->[com.google.firebase:firebase-auth:21.0.8] AndroidManifest.xml:42:21-48
119            </intent-filter>
120        </activity>
121
122        <service
122-->[com.google.firebase:firebase-auth:21.0.8] AndroidManifest.xml:64:9-70:19
123            android:name="com.google.firebase.components.ComponentDiscoveryService"
123-->[com.google.firebase:firebase-auth:21.0.8] AndroidManifest.xml:65:13-84
124            android:directBootAware="true"
124-->[com.google.firebase:firebase-common:20.1.2] AndroidManifest.xml:35:13-43
125            android:exported="false" >
125-->[com.google.firebase:firebase-auth:21.0.8] AndroidManifest.xml:66:13-37
126            <meta-data
126-->[com.google.firebase:firebase-auth:21.0.8] AndroidManifest.xml:67:13-69:85
127                android:name="com.google.firebase.components:com.google.firebase.auth.FirebaseAuthRegistrar"
127-->[com.google.firebase:firebase-auth:21.0.8] AndroidManifest.xml:68:17-109
128                android:value="com.google.firebase.components.ComponentRegistrar" />
128-->[com.google.firebase:firebase-auth:21.0.8] AndroidManifest.xml:69:17-82
129            <meta-data
129-->[com.google.firebase:firebase-database:20.0.6] AndroidManifest.xml:32:13-34:85
130                android:name="com.google.firebase.components:com.google.firebase.database.DatabaseRegistrar"
130-->[com.google.firebase:firebase-database:20.0.6] AndroidManifest.xml:33:17-109
131                android:value="com.google.firebase.components.ComponentRegistrar" />
131-->[com.google.firebase:firebase-database:20.0.6] AndroidManifest.xml:34:17-82
132            <meta-data
132-->[com.google.firebase:firebase-messaging:23.0.8] AndroidManifest.xml:56:13-58:85
133                android:name="com.google.firebase.components:com.google.firebase.messaging.FirebaseMessagingRegistrar"
133-->[com.google.firebase:firebase-messaging:23.0.8] AndroidManifest.xml:57:17-119
134                android:value="com.google.firebase.components.ComponentRegistrar" />
134-->[com.google.firebase:firebase-messaging:23.0.8] AndroidManifest.xml:58:17-82
135            <meta-data
135-->[com.google.firebase:firebase-datatransport:18.1.6] AndroidManifest.xml:28:13-30:85
136                android:name="com.google.firebase.components:com.google.firebase.datatransport.TransportRegistrar"
136-->[com.google.firebase:firebase-datatransport:18.1.6] AndroidManifest.xml:29:17-115
137                android:value="com.google.firebase.components.ComponentRegistrar" />
137-->[com.google.firebase:firebase-datatransport:18.1.6] AndroidManifest.xml:30:17-82
138            <meta-data
138-->[com.google.firebase:firebase-installations:17.0.2] AndroidManifest.xml:18:13-20:85
139                android:name="com.google.firebase.components:com.google.firebase.installations.FirebaseInstallationsRegistrar"
139-->[com.google.firebase:firebase-installations:17.0.2] AndroidManifest.xml:19:17-127
140                android:value="com.google.firebase.components.ComponentRegistrar" />
140-->[com.google.firebase:firebase-installations:17.0.2] AndroidManifest.xml:20:17-82
141        </service>
142
143        <receiver
143-->[com.google.firebase:firebase-messaging:23.0.8] AndroidManifest.xml:32:9-39:20
144            android:name="com.google.firebase.iid.FirebaseInstanceIdReceiver"
144-->[com.google.firebase:firebase-messaging:23.0.8] AndroidManifest.xml:33:13-78
145            android:exported="true"
145-->[com.google.firebase:firebase-messaging:23.0.8] AndroidManifest.xml:34:13-36
146            android:permission="com.google.android.c2dm.permission.SEND" >
146-->[com.google.firebase:firebase-messaging:23.0.8] AndroidManifest.xml:35:13-73
147            <intent-filter>
147-->[com.google.firebase:firebase-messaging:23.0.8] AndroidManifest.xml:36:13-38:29
148                <action android:name="com.google.android.c2dm.intent.RECEIVE" />
148-->[com.google.firebase:firebase-messaging:23.0.8] AndroidManifest.xml:37:17-81
148-->[com.google.firebase:firebase-messaging:23.0.8] AndroidManifest.xml:37:25-78
149            </intent-filter>
150        </receiver>
151        <!--
152             FirebaseMessagingService performs security checks at runtime,
153             but set to not exported to explicitly avoid allowing another app to call it.
154        -->
155        <service
155-->[com.google.firebase:firebase-messaging:23.0.8] AndroidManifest.xml:45:9-52:19
156            android:name="com.google.firebase.messaging.FirebaseMessagingService"
156-->[com.google.firebase:firebase-messaging:23.0.8] AndroidManifest.xml:46:13-82
157            android:directBootAware="true"
157-->[com.google.firebase:firebase-messaging:23.0.8] AndroidManifest.xml:47:13-43
158            android:exported="false" >
158-->[com.google.firebase:firebase-messaging:23.0.8] AndroidManifest.xml:48:13-37
159            <intent-filter android:priority="-500" >
159-->[com.google.firebase:firebase-messaging:23.0.8] AndroidManifest.xml:49:13-51:29
159-->[com.google.firebase:firebase-messaging:23.0.8] AndroidManifest.xml:49:28-51
160                <action android:name="com.google.firebase.MESSAGING_EVENT" />
160-->[com.google.firebase:firebase-messaging:23.0.8] AndroidManifest.xml:50:17-78
160-->[com.google.firebase:firebase-messaging:23.0.8] AndroidManifest.xml:50:25-75
161            </intent-filter>
162        </service>
163
164        <provider
164-->[com.google.firebase:firebase-common:20.1.2] AndroidManifest.xml:26:9-31:39
165            android:name="com.google.firebase.provider.FirebaseInitProvider"
165-->[com.google.firebase:firebase-common:20.1.2] AndroidManifest.xml:27:13-77
166            android:authorities="com.example.epokerproject.firebaseinitprovider"
166-->[com.google.firebase:firebase-common:20.1.2] AndroidManifest.xml:28:13-72
167            android:directBootAware="true"
167-->[com.google.firebase:firebase-common:20.1.2] AndroidManifest.xml:29:13-43
168            android:exported="false"
168-->[com.google.firebase:firebase-common:20.1.2] AndroidManifest.xml:30:13-37
169            android:initOrder="100" />
169-->[com.google.firebase:firebase-common:20.1.2] AndroidManifest.xml:31:13-36
170
171        <activity
171-->[com.google.android.gms:play-services-base:18.0.1] AndroidManifest.xml:20:9-22:45
172            android:name="com.google.android.gms.common.api.GoogleApiActivity"
172-->[com.google.android.gms:play-services-base:18.0.1] AndroidManifest.xml:20:19-85
173            android:exported="false"
173-->[com.google.android.gms:play-services-base:18.0.1] AndroidManifest.xml:22:19-43
174            android:theme="@android:style/Theme.Translucent.NoTitleBar" />
174-->[com.google.android.gms:play-services-base:18.0.1] AndroidManifest.xml:21:19-78
175
176        <meta-data
176-->[com.google.android.gms:play-services-basement:18.1.0] AndroidManifest.xml:21:9-23:69
177            android:name="com.google.android.gms.version"
177-->[com.google.android.gms:play-services-basement:18.1.0] AndroidManifest.xml:22:13-58
178            android:value="@integer/google_play_services_version" />
178-->[com.google.android.gms:play-services-basement:18.1.0] AndroidManifest.xml:23:13-66
179
180        <provider
180-->[androidx.emoji2:emoji2:1.2.0] AndroidManifest.xml:24:9-32:20
181            android:name="androidx.startup.InitializationProvider"
181-->[androidx.emoji2:emoji2:1.2.0] AndroidManifest.xml:25:13-67
182            android:authorities="com.example.epokerproject.androidx-startup"
182-->[androidx.emoji2:emoji2:1.2.0] AndroidManifest.xml:26:13-68
183            android:exported="false" >
183-->[androidx.emoji2:emoji2:1.2.0] AndroidManifest.xml:27:13-37
184            <meta-data
184-->[androidx.emoji2:emoji2:1.2.0] AndroidManifest.xml:29:13-31:52
185                android:name="androidx.emoji2.text.EmojiCompatInitializer"
185-->[androidx.emoji2:emoji2:1.2.0] AndroidManifest.xml:30:17-75
186                android:value="androidx.startup" />
186-->[androidx.emoji2:emoji2:1.2.0] AndroidManifest.xml:31:17-49
187            <meta-data
187-->[androidx.lifecycle:lifecycle-process:2.4.1] AndroidManifest.xml:31:13-33:52
188                android:name="androidx.lifecycle.ProcessLifecycleInitializer"
188-->[androidx.lifecycle:lifecycle-process:2.4.1] AndroidManifest.xml:32:17-78
189                android:value="androidx.startup" />
189-->[androidx.lifecycle:lifecycle-process:2.4.1] AndroidManifest.xml:33:17-49
190        </provider>
191
192        <service
192-->[com.google.android.datatransport:transport-backend-cct:3.1.7] AndroidManifest.xml:29:9-35:19
193            android:name="com.google.android.datatransport.runtime.backends.TransportBackendDiscovery"
193-->[com.google.android.datatransport:transport-backend-cct:3.1.7] AndroidManifest.xml:30:13-103
194            android:exported="false" >
194-->[com.google.android.datatransport:transport-backend-cct:3.1.7] AndroidManifest.xml:31:13-37
195            <meta-data
195-->[com.google.android.datatransport:transport-backend-cct:3.1.7] AndroidManifest.xml:32:13-34:39
196                android:name="backend:com.google.android.datatransport.cct.CctBackendFactory"
196-->[com.google.android.datatransport:transport-backend-cct:3.1.7] AndroidManifest.xml:33:17-94
197                android:value="cct" />
197-->[com.google.android.datatransport:transport-backend-cct:3.1.7] AndroidManifest.xml:34:17-36
198        </service>
199        <service
199-->[com.google.android.datatransport:transport-runtime:3.1.7] AndroidManifest.xml:26:9-30:19
200            android:name="com.google.android.datatransport.runtime.scheduling.jobscheduling.JobInfoSchedulerService"
200-->[com.google.android.datatransport:transport-runtime:3.1.7] AndroidManifest.xml:27:13-117
201            android:exported="false"
201-->[com.google.android.datatransport:transport-runtime:3.1.7] AndroidManifest.xml:28:13-37
202            android:permission="android.permission.BIND_JOB_SERVICE" >
202-->[com.google.android.datatransport:transport-runtime:3.1.7] AndroidManifest.xml:29:13-69
203        </service>
204
205        <receiver
205-->[com.google.android.datatransport:transport-runtime:3.1.7] AndroidManifest.xml:32:9-34:40
206            android:name="com.google.android.datatransport.runtime.scheduling.jobscheduling.AlarmManagerSchedulerBroadcastReceiver"
206-->[com.google.android.datatransport:transport-runtime:3.1.7] AndroidManifest.xml:33:13-132
207            android:exported="false" />
207-->[com.google.android.datatransport:transport-runtime:3.1.7] AndroidManifest.xml:34:13-37
208    </application>
209
210</manifest>